<?xml version="1.0" encoding="UTF-8"?>
<!-- Generated by org.testng.reporters.JUnitReportReporter -->
<testsuite hostname="Faizur" failures="0" tests="3" name="com.demoblaze.testcases.login.TS_DB_001_Login" time="20.424" errors="0" timestamp="2024-06-28T00:04:51 IST" skipped="0">
  <testcase classname="com.demoblaze.testcases.login.TS_DB_001_Login" name="TC_DB_Login_003" time="5.497"/>
  <testcase classname="com.demoblaze.testcases.login.TS_DB_001_Login" name="TC_DB_Login_002" time="5.964"/>
  <testcase classname="com.demoblaze.testcases.login.TS_DB_001_Login" name="TC_DB_Login_001" time="8.963"/>
</testsuite> <!-- com.demoblaze.testcases.login.TS_DB_001_Login -->
