<?xml version="1.0" encoding="UTF-8"?>
<!-- Generated by org.testng.reporters.JUnitReportReporter -->
<testsuite hostname="Faizur" failures="0" tests="2" name="com.demoblaze.testcases.login.TS_DB_002_Login_Close" time="12.604" errors="0" timestamp="2024-06-28T00:04:51 IST" skipped="0">
  <testcase classname="com.demoblaze.testcases.login.TS_DB_002_Login_Close" name="TC_DB_Login_Close_004" time="6.266"/>
  <testcase classname="com.demoblaze.testcases.login.TS_DB_002_Login_Close" name="TC_DB_Login_Close_005" time="6.338"/>
</testsuite> <!-- com.demoblaze.testcases.login.TS_DB_002_Login_Close -->
